{
  "stats": {
    "suites": 1,
    "tests": 1,
    "passes": 1,
    "pending": 0,
    "failures": 0,
    "start": "2024-01-28T18:33:34.289Z",
    "end": "2024-01-28T18:33:43.031Z",
    "duration": 8742,
    "testsRegistered": 1,
    "passPercent": 100,
    "pendingPercent": 0,
    "other": 0,
    "hasOther": false,
    "skipped": 0,
    "hasSkipped": false
  },
  "results": [
    {
      "uuid": "4d8c5711-db38-44cf-85e0-6b4b686cd11b",
      "title": "",
      "fullFile": "cypress/e2e/automation-test-store/contact-us.js",
      "file": "cypress/e2e/automation-test-store/contact-us.js",
      "beforeHooks": [],
      "afterHooks": [],
      "tests": [],
      "suites": [
        {
          "uuid": "5209e7d3-d4a0-447d-84cd-82c345ee03a0",
          "title": "Test Contact Us form via Automation Test Store",
          "fullFile": "",
          "file": "",
          "beforeHooks": [],
          "afterHooks": [],
          "tests": [
            {
              "title": "Should be able to submit a successful submission via contact us form",
              "fullTitle": "Test Contact Us form via Automation Test Store Should be able to submit a successful submission via contact us form",
              "timedOut": null,
              "duration": 7060,
              "state": "passed",
              "speed": "medium",
              "pass": true,
              "fail": false,
              "pending": false,
              "context": null,
              "code": "// cy.xpath('//a[contains(@href,\"contact\")]').click()\ncy.get(\"@user\").then(user => {\n  cy.get(\"#ContactUsFrm_first_name\").type(user.first_name);\n  cy.get(\"#ContactUsFrm_email\").type(user.email);\n});\ncy.get(\"#ContactUsFrm_email\").should(\"have.attr\", \"name\", \"email\");\ncy.get(\"#ContactUsFrm_enquiry\").type(\"Do you provide additional discount on bulk orders?\");\ncy.get(\"button[title='Submit']\").click();\ncy.get(\".mb40 > :nth-child(3)\").should(\"have.text\", \"Your enquiry has been successfully sent to the store owner!\");\ncy.log(\"Test has completed!\");",
              "err": {},
              "uuid": "b48b28f6-856f-4690-91a7-3fa886cc29a7",
              "parentUUID": "5209e7d3-d4a0-447d-84cd-82c345ee03a0",
              "isHook": false,
              "skipped": false
            }
          ],
          "suites": [],
          "passes": [
            "b48b28f6-856f-4690-91a7-3fa886cc29a7"
          ],
          "failures": [],
          "pending": [],
          "skipped": [],
          "duration": 7060,
          "root": false,
          "rootEmpty": false,
          "_timeout": 2000
        }
      ],
      "passes": [],
      "failures": [],
      "pending": [],
      "skipped": [],
      "duration": 0,
      "root": true,
      "rootEmpty": true,
      "_timeout": 2000
    }
  ],
  "meta": {
    "mocha": {
      "version": "7.0.1"
    },
    "mochawesome": {
      "options": {
        "quiet": false,
        "reportFilename": "mochawesome",
        "saveHtml": false,
        "saveJson": true,
        "consoleReporter": "spec",
        "useInlineDiffs": false,
        "code": true
      },
      "version": "7.1.3"
    },
    "marge": {
      "options": {
        "id": "default",
        "reportDir": "cypress/results/mochawesome",
        "quite": true,
        "overwrite": false,
        "html": false,
        "json": true
      },
      "version": "6.2.0"
    }
  }
}