{
  "stats": {
    "suites": 1,
    "tests": 1,
    "passes": 1,
    "pending": 0,
    "failures": 0,
    "start": "2024-01-28T18:35:19.883Z",
    "end": "2024-01-28T18:35:23.163Z",
    "duration": 3280,
    "testsRegistered": 1,
    "passPercent": 100,
    "pendingPercent": 0,
    "other": 0,
    "hasOther": false,
    "skipped": 0,
    "hasSkipped": false
  },
  "results": [
    {
      "uuid": "fc614c01-1b83-4209-9281-ad3a81306a4c",
      "title": "",
      "fullFile": "cypress/e2e/webdriver-uni/select-dropdown-list.js",
      "file": "cypress/e2e/webdriver-uni/select-dropdown-list.js",
      "beforeHooks": [],
      "afterHooks": [],
      "tests": [],
      "suites": [
        {
          "uuid": "e49b7046-915e-4a1b-9a3f-0e89b7ab4829",
          "title": "Interact with dropdown lists via webdriveruni",
          "fullFile": "",
          "file": "",
          "beforeHooks": [],
          "afterHooks": [],
          "tests": [
            {
              "title": "Select specific values via dropdown lists",
              "fullTitle": "Interact with dropdown lists via webdriveruni Select specific values via dropdown lists",
              "timedOut": null,
              "duration": 3220,
              "state": "passed",
              "speed": "fast",
              "pass": true,
              "fail": false,
              "pending": false,
              "context": null,
              "code": "cy.visit(\"/\");\ncy.get(\"#dropdown-checkboxes-radiobuttons\").invoke(\"removeAttr\", \"target\").click({\n  force: true\n});\ncy.get(\"#dropdowm-menu-1\").select(\"c#\");\n//cy.get(\"#dropdowm-menu-2\").select(\"testng\").should(\"have.value\", \"testng\");\ncy.get(\"#dropdowm-menu-3\").select(\"JQuery\").contains(\"JQuery\");\n// .find(\"[value='java']\").as(\"JAVA\");\n// cy.get(\"@JAVA\").select(0);\ncy.get(\"#dropdowm-menu-2\").select(\"maven\").should(\"have.value\", \"maven\");\ncy.get(\"#dropdowm-menu-2\").select(\"TestNG\").contains(\"TestNG\");",
              "err": {},
              "uuid": "60403386-5938-47a9-9d3b-430cd5909810",
              "parentUUID": "e49b7046-915e-4a1b-9a3f-0e89b7ab4829",
              "isHook": false,
              "skipped": false
            }
          ],
          "suites": [],
          "passes": [
            "60403386-5938-47a9-9d3b-430cd5909810"
          ],
          "failures": [],
          "pending": [],
          "skipped": [],
          "duration": 3220,
          "root": false,
          "rootEmpty": false,
          "_timeout": 2000
        }
      ],
      "passes": [],
      "failures": [],
      "pending": [],
      "skipped": [],
      "duration": 0,
      "root": true,
      "rootEmpty": true,
      "_timeout": 2000
    }
  ],
  "meta": {
    "mocha": {
      "version": "7.0.1"
    },
    "mochawesome": {
      "options": {
        "quiet": false,
        "reportFilename": "mochawesome",
        "saveHtml": false,
        "saveJson": true,
        "consoleReporter": "spec",
        "useInlineDiffs": false,
        "code": true
      },
      "version": "7.1.3"
    },
    "marge": {
      "options": {
        "id": "default",
        "reportDir": "cypress/results/mochawesome",
        "quite": true,
        "overwrite": false,
        "html": false,
        "json": true
      },
      "version": "6.2.0"
    }
  }
}