{
  "stats": {
    "suites": 1,
    "tests": 1,
    "passes": 0,
    "pending": 1,
    "failures": 0,
    "start": "2024-02-11T18:19:20.995Z",
    "end": "2024-02-11T18:19:21.040Z",
    "duration": 45,
    "testsRegistered": 1,
    "passPercent": null,
    "pendingPercent": 100,
    "other": 0,
    "hasOther": false,
    "skipped": 0,
    "hasSkipped": false
  },
  "results": [
    {
      "uuid": "90a85ce0-4d40-495a-9f31-28671631af18",
      "title": "",
      "fullFile": "cypress/e2e/automation-test-store/add-multiple-items-to-basket.js",
      "file": "cypress/e2e/automation-test-store/add-multiple-items-to-basket.js",
      "beforeHooks": [],
      "afterHooks": [],
      "tests": [],
      "suites": [
        {
          "uuid": "d4f2eac8-074a-4fe2-8c4e-41d9bfcf299b",
          "title": "Add multiple items to the basket",
          "fullFile": "",
          "file": "",
          "beforeHooks": [],
          "afterHooks": [],
          "tests": [
            {
              "title": "Add specific items to basket",
              "fullTitle": "Add multiple items to the basket Add specific items to basket",
              "timedOut": null,
              "duration": 0,
              "state": "pending",
              "speed": null,
              "pass": false,
              "fail": false,
              "pending": true,
              "context": null,
              "code": "autoStore_HairCare_PO.addHairCareProductsToBasket();",
              "err": {},
              "uuid": "627bf248-0277-43f1-a300-33d748dcc1bd",
              "parentUUID": "d4f2eac8-074a-4fe2-8c4e-41d9bfcf299b",
              "isHook": false,
              "skipped": false
            }
          ],
          "suites": [],
          "passes": [],
          "failures": [],
          "pending": [
            "627bf248-0277-43f1-a300-33d748dcc1bd"
          ],
          "skipped": [],
          "duration": 0,
          "root": false,
          "rootEmpty": false,
          "_timeout": 2000
        }
      ],
      "passes": [],
      "failures": [],
      "pending": [],
      "skipped": [],
      "duration": 0,
      "root": true,
      "rootEmpty": true,
      "_timeout": 2000
    }
  ],
  "meta": {
    "mocha": {
      "version": "7.0.1"
    },
    "mochawesome": {
      "options": {
        "quiet": false,
        "reportFilename": "mochawesome",
        "saveHtml": false,
        "saveJson": true,
        "consoleReporter": "spec",
        "useInlineDiffs": false,
        "code": true
      },
      "version": "7.1.3"
    },
    "marge": {
      "options": {
        "id": "default",
        "reportDir": "cypress/results/mochawesome",
        "quite": true,
        "overwrite": false,
        "html": false,
        "json": true
      },
      "version": "6.2.0"
    }
  }
}