{
  "stats": {
    "suites": 1,
    "tests": 4,
    "passes": 4,
    "pending": 0,
    "failures": 0,
    "start": "2024-01-28T18:35:08.477Z",
    "end": "2024-01-28T18:35:13.311Z",
    "duration": 4834,
    "testsRegistered": 4,
    "passPercent": 100,
    "pendingPercent": 0,
    "other": 0,
    "hasOther": false,
    "skipped": 0,
    "hasSkipped": false
  },
  "results": [
    {
      "uuid": "5b8ea49f-5f75-45c4-8f7d-454ecc64a6e3",
      "title": "",
      "fullFile": "cypress/e2e/webdriver-uni/mouse-actions.js",
      "file": "cypress/e2e/webdriver-uni/mouse-actions.js",
      "beforeHooks": [],
      "afterHooks": [],
      "tests": [],
      "suites": [
        {
          "uuid": "e41c0a75-0fc3-4205-a45b-c340494bc3e9",
          "title": "Test mouse actions",
          "fullFile": "",
          "file": "",
          "beforeHooks": [],
          "afterHooks": [],
          "tests": [
            {
              "title": "Scroll element into view",
              "fullTitle": "Test mouse actions Scroll element into view",
              "timedOut": null,
              "duration": 2624,
              "state": "passed",
              "speed": "fast",
              "pass": true,
              "fail": false,
              "pending": false,
              "context": null,
              "code": "cy.log(\"Scroll element into view\");",
              "err": {},
              "uuid": "23ed0294-d141-411d-9e5f-533a5664b6af",
              "parentUUID": "e41c0a75-0fc3-4205-a45b-c340494bc3e9",
              "isHook": false,
              "skipped": false
            },
            {
              "title": "I should be able to drag and drop draggable item",
              "fullTitle": "Test mouse actions I should be able to drag and drop draggable item",
              "timedOut": null,
              "duration": 701,
              "state": "passed",
              "speed": "fast",
              "pass": true,
              "fail": false,
              "pending": false,
              "context": null,
              "code": "cy.get(\"#draggable\").trigger(\"mousedown\", {\n  which: 1\n});\ncy.get(\"#droppable\").trigger(\"mousemove\").trigger(\"mouseup\", {\n  force: true\n});",
              "err": {},
              "uuid": "bf83bed3-d0a5-4137-8cbb-ff77a7e68882",
              "parentUUID": "e41c0a75-0fc3-4205-a45b-c340494bc3e9",
              "isHook": false,
              "skipped": false
            },
            {
              "title": "I should be able to perform a double mouse click",
              "fullTitle": "Test mouse actions I should be able to perform a double mouse click",
              "timedOut": null,
              "duration": 751,
              "state": "passed",
              "speed": "fast",
              "pass": true,
              "fail": false,
              "pending": false,
              "context": null,
              "code": "cy.get(\"#double-click\").dblclick();",
              "err": {},
              "uuid": "4f334aa5-8fc9-4c5b-9e4e-eb43c3798469",
              "parentUUID": "e41c0a75-0fc3-4205-a45b-c340494bc3e9",
              "isHook": false,
              "skipped": false
            },
            {
              "title": "I should be able to hold down the left mouse click button on a given element",
              "fullTitle": "Test mouse actions I should be able to hold down the left mouse click button on a given element",
              "timedOut": null,
              "duration": 681,
              "state": "passed",
              "speed": "fast",
              "pass": true,
              "fail": false,
              "pending": false,
              "context": null,
              "code": "cy.get(\"#click-box\").trigger(\"mousedown\", {\n  which: 1\n}).then($element => {\n  expect($element).to.have.css(\"background-color\", \"rgb(0, 255, 0)\");\n});",
              "err": {},
              "uuid": "64a5965d-945d-4eac-8ccb-914456565253",
              "parentUUID": "e41c0a75-0fc3-4205-a45b-c340494bc3e9",
              "isHook": false,
              "skipped": false
            }
          ],
          "suites": [],
          "passes": [
            "23ed0294-d141-411d-9e5f-533a5664b6af",
            "bf83bed3-d0a5-4137-8cbb-ff77a7e68882",
            "4f334aa5-8fc9-4c5b-9e4e-eb43c3798469",
            "64a5965d-945d-4eac-8ccb-914456565253"
          ],
          "failures": [],
          "pending": [],
          "skipped": [],
          "duration": 4757,
          "root": false,
          "rootEmpty": false,
          "_timeout": 2000
        }
      ],
      "passes": [],
      "failures": [],
      "pending": [],
      "skipped": [],
      "duration": 0,
      "root": true,
      "rootEmpty": true,
      "_timeout": 2000
    }
  ],
  "meta": {
    "mocha": {
      "version": "7.0.1"
    },
    "mochawesome": {
      "options": {
        "quiet": false,
        "reportFilename": "mochawesome",
        "saveHtml": false,
        "saveJson": true,
        "consoleReporter": "spec",
        "useInlineDiffs": false,
        "code": true
      },
      "version": "7.1.3"
    },
    "marge": {
      "options": {
        "id": "default",
        "reportDir": "cypress/results/mochawesome",
        "quite": true,
        "overwrite": false,
        "html": false,
        "json": true
      },
      "version": "6.2.0"
    }
  }
}