{
  "stats": {
    "suites": 1,
    "tests": 4,
    "passes": 4,
    "pending": 0,
    "failures": 0,
    "start": "2024-01-28T18:35:02.989Z",
    "end": "2024-01-28T18:35:07.595Z",
    "duration": 4606,
    "testsRegistered": 4,
    "passPercent": 100,
    "pendingPercent": 0,
    "other": 0,
    "hasOther": false,
    "skipped": 0,
    "hasSkipped": false
  },
  "results": [
    {
      "uuid": "e1c1d5a5-634e-4706-91aa-b1f6633aec51",
      "title": "",
      "fullFile": "cypress/e2e/webdriver-uni/js-alerts.js",
      "file": "cypress/e2e/webdriver-uni/js-alerts.js",
      "beforeHooks": [],
      "afterHooks": [],
      "tests": [],
      "suites": [
        {
          "uuid": "aa0728ba-2ab5-47ba-9703-f06902ad3271",
          "title": "Handle js alerts",
          "fullFile": "",
          "file": "",
          "beforeHooks": [],
          "afterHooks": [],
          "tests": [
            {
              "title": "Confirm js alerts contains correct text",
              "fullTitle": "Handle js alerts Confirm js alerts contains correct text",
              "timedOut": null,
              "duration": 2612,
              "state": "passed",
              "speed": "fast",
              "pass": true,
              "fail": false,
              "pending": false,
              "context": null,
              "code": "cy.get(\"#button1\").click();\ncy.on(\"window:alert\", str => {\n  expect(str).to.equal(\"I am an alert box!\");\n});",
              "err": {},
              "uuid": "d78a39a4-aefb-4ad6-bcb3-2a44b36a4ac6",
              "parentUUID": "aa0728ba-2ab5-47ba-9703-f06902ad3271",
              "isHook": false,
              "skipped": false
            },
            {
              "title": "Validate js confirm alert box works correctly when clicking ok",
              "fullTitle": "Handle js alerts Validate js confirm alert box works correctly when clicking ok",
              "timedOut": null,
              "duration": 648,
              "state": "passed",
              "speed": "fast",
              "pass": true,
              "fail": false,
              "pending": false,
              "context": null,
              "code": "cy.get(\"#button4\").click();\ncy.on(\"window:confirm\", () => true);\ncy.get(\"#confirm-alert-text\").contains(\"You pressed OK!\");",
              "err": {},
              "uuid": "f8d44c88-2a04-4825-9d28-687867ca78fd",
              "parentUUID": "aa0728ba-2ab5-47ba-9703-f06902ad3271",
              "isHook": false,
              "skipped": false
            },
            {
              "title": "Validate js confirm alert box works correctly when clicking Cancel",
              "fullTitle": "Handle js alerts Validate js confirm alert box works correctly when clicking Cancel",
              "timedOut": null,
              "duration": 630,
              "state": "passed",
              "speed": "fast",
              "pass": true,
              "fail": false,
              "pending": false,
              "context": null,
              "code": "cy.get(\"#button4\").click();\ncy.on(\"window:confirm\", () => false);\ncy.get(\"#confirm-alert-text\").contains(\"You pressed Cancel!\");",
              "err": {},
              "uuid": "2429ad1f-d898-4117-b2d4-f8758bbf20c6",
              "parentUUID": "aa0728ba-2ab5-47ba-9703-f06902ad3271",
              "isHook": false,
              "skipped": false
            },
            {
              "title": "Validate js confirm alert box using a  stub",
              "fullTitle": "Handle js alerts Validate js confirm alert box using a  stub",
              "timedOut": null,
              "duration": 635,
              "state": "passed",
              "speed": "fast",
              "pass": true,
              "fail": false,
              "pending": false,
              "context": null,
              "code": "const stub = cy.stub();\ncy.on(\"window:confirm\", stub);\ncy.get(\"#button4\").click().then(() => {\n  expect(stub.getCall(0)).to.be.calledWith(\"Press a button!\");\n}).then(() => {\n  cy.on(\"window:confirm\", () => true);\n}).then(() => {\n  cy.get(\"#confirm-alert-text\").contains(\"You pressed OK!\");\n});",
              "err": {},
              "uuid": "c390cf03-be82-4099-aa17-b1aeb306718f",
              "parentUUID": "aa0728ba-2ab5-47ba-9703-f06902ad3271",
              "isHook": false,
              "skipped": false
            }
          ],
          "suites": [],
          "passes": [
            "d78a39a4-aefb-4ad6-bcb3-2a44b36a4ac6",
            "f8d44c88-2a04-4825-9d28-687867ca78fd",
            "2429ad1f-d898-4117-b2d4-f8758bbf20c6",
            "c390cf03-be82-4099-aa17-b1aeb306718f"
          ],
          "failures": [],
          "pending": [],
          "skipped": [],
          "duration": 4525,
          "root": false,
          "rootEmpty": false,
          "_timeout": 2000
        }
      ],
      "passes": [],
      "failures": [],
      "pending": [],
      "skipped": [],
      "duration": 0,
      "root": true,
      "rootEmpty": true,
      "_timeout": 2000
    }
  ],
  "meta": {
    "mocha": {
      "version": "7.0.1"
    },
    "mochawesome": {
      "options": {
        "quiet": false,
        "reportFilename": "mochawesome",
        "saveHtml": false,
        "saveJson": true,
        "consoleReporter": "spec",
        "useInlineDiffs": false,
        "code": true
      },
      "version": "7.1.3"
    },
    "marge": {
      "options": {
        "id": "default",
        "reportDir": "cypress/results/mochawesome",
        "quite": true,
        "overwrite": false,
        "html": false,
        "json": true
      },
      "version": "6.2.0"
    }
  }
}