{
  "stats": {
    "suites": 1,
    "tests": 16,
    "passes": 16,
    "pending": 0,
    "failures": 0,
    "start": "2024-01-28T18:35:26.132Z",
    "end": "2024-01-28T18:35:40.080Z",
    "duration": 13948,
    "testsRegistered": 16,
    "passPercent": 100,
    "pendingPercent": 0,
    "other": 0,
    "hasOther": false,
    "skipped": 0,
    "hasSkipped": false
  },
  "results": [
    {
      "uuid": "5f1c8f8f-6425-419c-9e5c-e32dd22cbc2b",
      "title": "",
      "fullFile": "cypress/e2e/webdriver-uni/traversing-elements.js",
      "file": "cypress/e2e/webdriver-uni/traversing-elements.js",
      "beforeHooks": [],
      "afterHooks": [],
      "tests": [],
      "suites": [
        {
          "uuid": "43c26bdb-5a90-4f77-b0b9-138b767afddc",
          "title": "Traversing DOM elements in Cypress",
          "fullFile": "",
          "file": "",
          "beforeHooks": [],
          "afterHooks": [],
          "tests": [
            {
              "title": "children() to get the children of DOM elements",
              "fullTitle": "Traversing DOM elements in Cypress children() to get the children of DOM elements",
              "timedOut": null,
              "duration": 2789,
              "state": "passed",
              "speed": "fast",
              "pass": true,
              "fail": false,
              "pending": false,
              "context": null,
              "code": "cy.get(\".traversal-breadcrumb\").children(\".active\").should(\"contain\", \"Contact Us\");",
              "err": {},
              "uuid": "c4f77814-3368-4763-8b69-06d6431c2cf6",
              "parentUUID": "43c26bdb-5a90-4f77-b0b9-138b767afddc",
              "isHook": false,
              "skipped": false
            },
            {
              "title": "closest() to validate the closest ancestor DOM element",
              "fullTitle": "Traversing DOM elements in Cypress closest() to validate the closest ancestor DOM element",
              "timedOut": null,
              "duration": 563,
              "state": "passed",
              "speed": "fast",
              "pass": true,
              "fail": false,
              "pending": false,
              "context": null,
              "code": "cy.get(\".traversal-badge\").closest(\"ul\").should(\"have.class\", \"list-group\");",
              "err": {},
              "uuid": "1f9d011e-4524-4427-b678-67ecf0350740",
              "parentUUID": "43c26bdb-5a90-4f77-b0b9-138b767afddc",
              "isHook": false,
              "skipped": false
            },
            {
              "title": "eq() to retrieve a specific element based on index",
              "fullTitle": "Traversing DOM elements in Cypress eq() to retrieve a specific element based on index",
              "timedOut": null,
              "duration": 560,
              "state": "passed",
              "speed": "fast",
              "pass": true,
              "fail": false,
              "pending": false,
              "context": null,
              "code": "cy.get(\".traversal-drinks-list > *\").eq(2).should(\"contain\", \"Milk\");",
              "err": {},
              "uuid": "a4065482-3e33-4d6f-947e-31aabc3ca710",
              "parentUUID": "43c26bdb-5a90-4f77-b0b9-138b767afddc",
              "isHook": false,
              "skipped": false
            },
            {
              "title": "filter() to retrieve DOM elements that match a specific selector",
              "fullTitle": "Traversing DOM elements in Cypress filter() to retrieve DOM elements that match a specific selector",
              "timedOut": null,
              "duration": 523,
              "state": "passed",
              "speed": "fast",
              "pass": true,
              "fail": false,
              "pending": false,
              "context": null,
              "code": "cy.get(\".btn-group-toggle > *\").filter(\".active\").should(\"contain\", \"Button-1\");",
              "err": {},
              "uuid": "61af9d5c-d65f-4f02-b09e-f32340f6d88d",
              "parentUUID": "43c26bdb-5a90-4f77-b0b9-138b767afddc",
              "isHook": false,
              "skipped": false
            },
            {
              "title": "find() to retrieve DOM elements of a given selector",
              "fullTitle": "Traversing DOM elements in Cypress find() to retrieve DOM elements of a given selector",
              "timedOut": null,
              "duration": 577,
              "state": "passed",
              "speed": "fast",
              "pass": true,
              "fail": false,
              "pending": false,
              "context": null,
              "code": "cy.get(\".traversal-pagination\").find(\"li\").find(\"a\").should(\"have.length\", 7);",
              "err": {},
              "uuid": "a7e46013-7f1d-4414-ab94-17a9d0371226",
              "parentUUID": "43c26bdb-5a90-4f77-b0b9-138b767afddc",
              "isHook": false,
              "skipped": false
            },
            {
              "title": "first() to retrieve the first DOM element within elements ",
              "fullTitle": "Traversing DOM elements in Cypress first() to retrieve the first DOM element within elements ",
              "timedOut": null,
              "duration": 579,
              "state": "passed",
              "speed": "fast",
              "pass": true,
              "fail": false,
              "pending": false,
              "context": null,
              "code": "cy.get(\".traversal-table> tbody > tr > td\").first().should(\"contain\", \"Andy\");",
              "err": {},
              "uuid": "93f75de3-b7f0-41b7-84a8-550c75a5cec1",
              "parentUUID": "43c26bdb-5a90-4f77-b0b9-138b767afddc",
              "isHook": false,
              "skipped": false
            },
            {
              "title": "last() to retrieve the last DOM element within elements",
              "fullTitle": "Traversing DOM elements in Cypress last() to retrieve the last DOM element within elements",
              "timedOut": null,
              "duration": 1662,
              "state": "passed",
              "speed": "fast",
              "pass": true,
              "fail": false,
              "pending": false,
              "context": null,
              "code": "cy.get(\".traversal-table> tbody > tr > td\").last().should(\"contain\", \"Scott\");",
              "err": {},
              "uuid": "297402b1-88bc-45c7-896a-2d33e95890fa",
              "parentUUID": "43c26bdb-5a90-4f77-b0b9-138b767afddc",
              "isHook": false,
              "skipped": false
            },
            {
              "title": "nextAll() to get all of the next sibling DOM elements within elements",
              "fullTitle": "Traversing DOM elements in Cypress nextAll() to get all of the next sibling DOM elements within elements",
              "timedOut": null,
              "duration": 636,
              "state": "passed",
              "speed": "fast",
              "pass": true,
              "fail": false,
              "pending": false,
              "context": null,
              "code": "cy.get(\".traversal-drinks-list\").contains(\"Tea\").nextAll().should(\"have.length\", \"3\");",
              "err": {},
              "uuid": "0f0638b6-1cbf-4f92-896f-85ee0f1a0f64",
              "parentUUID": "43c26bdb-5a90-4f77-b0b9-138b767afddc",
              "isHook": false,
              "skipped": false
            },
            {
              "title": "nextUntil() to get all of the next sibling DOM elements within elements until another element",
              "fullTitle": "Traversing DOM elements in Cypress nextUntil() to get all of the next sibling DOM elements within elements until another element",
              "timedOut": null,
              "duration": 623,
              "state": "passed",
              "speed": "fast",
              "pass": true,
              "fail": false,
              "pending": false,
              "context": null,
              "code": "cy.get(\"#coffee\").nextUntil(\"#milk\").should(\"have.length\", \"1\");",
              "err": {},
              "uuid": "b754b537-dfcf-4217-93f9-479922a57d3b",
              "parentUUID": "43c26bdb-5a90-4f77-b0b9-138b767afddc",
              "isHook": false,
              "skipped": false
            },
            {
              "title": "not() to remove DOM element(s) from the set of elements",
              "fullTitle": "Traversing DOM elements in Cypress not() to remove DOM element(s) from the set of elements",
              "timedOut": null,
              "duration": 623,
              "state": "passed",
              "speed": "fast",
              "pass": true,
              "fail": false,
              "pending": false,
              "context": null,
              "code": "cy.get(\".traversal-button-states > button\").not(\".disabled\").should(\"not.have.class\", \"disabled\");",
              "err": {},
              "uuid": "a59733be-1435-43e2-971e-9ef6369ce948",
              "parentUUID": "43c26bdb-5a90-4f77-b0b9-138b767afddc",
              "isHook": false,
              "skipped": false
            },
            {
              "title": "parent() To get parent DOM element of elements",
              "fullTitle": "Traversing DOM elements in Cypress parent() To get parent DOM element of elements",
              "timedOut": null,
              "duration": 1566,
              "state": "passed",
              "speed": "fast",
              "pass": true,
              "fail": false,
              "pending": false,
              "context": null,
              "code": "cy.get(\".traversal-mark\").parent().should(\"contain\", \"Lorem ipsum dolor sit amet, consectetur adipiscing elit,\");",
              "err": {},
              "uuid": "5492cf53-ab9a-4e6a-842e-104117c79af2",
              "parentUUID": "43c26bdb-5a90-4f77-b0b9-138b767afddc",
              "isHook": false,
              "skipped": false
            },
            {
              "title": "parents() to get parents DOM element of elements",
              "fullTitle": "Traversing DOM elements in Cypress parents() to get parents DOM element of elements",
              "timedOut": null,
              "duration": 583,
              "state": "passed",
              "speed": "fast",
              "pass": true,
              "fail": false,
              "pending": false,
              "context": null,
              "code": "cy.get(\".traversal-cite\").parents().should(\"match\", \"blockquote\");",
              "err": {},
              "uuid": "1402c7d2-50ea-49dd-8571-3646a4b36ef5",
              "parentUUID": "43c26bdb-5a90-4f77-b0b9-138b767afddc",
              "isHook": false,
              "skipped": false
            },
            {
              "title": "prev() to get the previous sibling DOM element within elements",
              "fullTitle": "Traversing DOM elements in Cypress prev() to get the previous sibling DOM element within elements",
              "timedOut": null,
              "duration": 568,
              "state": "passed",
              "speed": "fast",
              "pass": true,
              "fail": false,
              "pending": false,
              "context": null,
              "code": "cy.get(\"#sugar\").prev().contains(\"Espresso\");",
              "err": {},
              "uuid": "7b88fb0b-d9c1-4266-b4b1-78e162f3b581",
              "parentUUID": "43c26bdb-5a90-4f77-b0b9-138b767afddc",
              "isHook": false,
              "skipped": false
            },
            {
              "title": "prevAll() to get all previous sibling DOM elements within elements",
              "fullTitle": "Traversing DOM elements in Cypress prevAll() to get all previous sibling DOM elements within elements",
              "timedOut": null,
              "duration": 560,
              "state": "passed",
              "speed": "fast",
              "pass": true,
              "fail": false,
              "pending": false,
              "context": null,
              "code": "cy.get(\".sales\").prevAll().should(\"have.length\", 2);",
              "err": {},
              "uuid": "4fa72f99-1f97-459e-8614-93978510b151",
              "parentUUID": "43c26bdb-5a90-4f77-b0b9-138b767afddc",
              "isHook": false,
              "skipped": false
            },
            {
              "title": "prevUntil() to get all previous sibling DOM elements within elements until other element",
              "fullTitle": "Traversing DOM elements in Cypress prevUntil() to get all previous sibling DOM elements within elements until other element",
              "timedOut": null,
              "duration": 576,
              "state": "passed",
              "speed": "fast",
              "pass": true,
              "fail": false,
              "pending": false,
              "context": null,
              "code": "cy.get(\"#veggie\").prevUntil(\"#fruits\").should(\"have.length\", 5);",
              "err": {},
              "uuid": "6907b84f-eb38-416f-93b0-dd42a1f26fbf",
              "parentUUID": "43c26bdb-5a90-4f77-b0b9-138b767afddc",
              "isHook": false,
              "skipped": false
            },
            {
              "title": "siblings() To get all sibling DOM elements of elements",
              "fullTitle": "Traversing DOM elements in Cypress siblings() To get all sibling DOM elements of elements",
              "timedOut": null,
              "duration": 540,
              "state": "passed",
              "speed": "fast",
              "pass": true,
              "fail": false,
              "pending": false,
              "context": null,
              "code": "cy.get(\".traversal-button-other-states .active\").siblings().should(\"have.length\", \"3\");",
              "err": {},
              "uuid": "9bec8c8d-9957-4fc9-9dd9-124165029a99",
              "parentUUID": "43c26bdb-5a90-4f77-b0b9-138b767afddc",
              "isHook": false,
              "skipped": false
            }
          ],
          "suites": [],
          "passes": [
            "c4f77814-3368-4763-8b69-06d6431c2cf6",
            "1f9d011e-4524-4427-b678-67ecf0350740",
            "a4065482-3e33-4d6f-947e-31aabc3ca710",
            "61af9d5c-d65f-4f02-b09e-f32340f6d88d",
            "a7e46013-7f1d-4414-ab94-17a9d0371226",
            "93f75de3-b7f0-41b7-84a8-550c75a5cec1",
            "297402b1-88bc-45c7-896a-2d33e95890fa",
            "0f0638b6-1cbf-4f92-896f-85ee0f1a0f64",
            "b754b537-dfcf-4217-93f9-479922a57d3b",
            "a59733be-1435-43e2-971e-9ef6369ce948",
            "5492cf53-ab9a-4e6a-842e-104117c79af2",
            "1402c7d2-50ea-49dd-8571-3646a4b36ef5",
            "7b88fb0b-d9c1-4266-b4b1-78e162f3b581",
            "4fa72f99-1f97-459e-8614-93978510b151",
            "6907b84f-eb38-416f-93b0-dd42a1f26fbf",
            "9bec8c8d-9957-4fc9-9dd9-124165029a99"
          ],
          "failures": [],
          "pending": [],
          "skipped": [],
          "duration": 13528,
          "root": false,
          "rootEmpty": false,
          "_timeout": 2000
        }
      ],
      "passes": [],
      "failures": [],
      "pending": [],
      "skipped": [],
      "duration": 0,
      "root": true,
      "rootEmpty": true,
      "_timeout": 2000
    }
  ],
  "meta": {
    "mocha": {
      "version": "7.0.1"
    },
    "mochawesome": {
      "options": {
        "quiet": false,
        "reportFilename": "mochawesome",
        "saveHtml": false,
        "saveJson": true,
        "consoleReporter": "spec",
        "useInlineDiffs": false,
        "code": true
      },
      "version": "7.1.3"
    },
    "marge": {
      "options": {
        "id": "default",
        "reportDir": "cypress/results/mochawesome",
        "quite": true,
        "overwrite": false,
        "html": false,
        "json": true
      },
      "version": "6.2.0"
    }
  }
}