{
  "stats": {
    "suites": 1,
    "tests": 1,
    "passes": 1,
    "pending": 0,
    "failures": 0,
    "start": "2024-02-11T18:08:35.330Z",
    "end": "2024-02-11T18:08:41.013Z",
    "duration": 5683,
    "testsRegistered": 1,
    "passPercent": 100,
    "pendingPercent": 0,
    "other": 0,
    "hasOther": false,
    "skipped": 0,
    "hasSkipped": false
  },
  "results": [
    {
      "uuid": "6fbae345-125b-466d-8ff2-f1e3f03b7a7e",
      "title": "",
      "fullFile": "cypress/e2e/automation-test-store/alias-invoke.js",
      "file": "cypress/e2e/automation-test-store/alias-invoke.js",
      "beforeHooks": [],
      "afterHooks": [],
      "tests": [],
      "suites": [
        {
          "uuid": "e01a4a71-6460-4deb-b9c9-e93ec2abb86c",
          "title": "Alias and Invoke",
          "fullFile": "",
          "file": "",
          "beforeHooks": [],
          "afterHooks": [],
          "tests": [
            {
              "title": "Calculate total of normal and sale products",
              "fullTitle": "Alias and Invoke Calculate total of normal and sale products",
              "timedOut": null,
              "duration": 3965,
              "state": "passed",
              "speed": "fast",
              "pass": true,
              "fail": false,
              "pending": false,
              "context": null,
              "code": "cy.visit(\"https://automationteststore.com/\");\ncy.get(\".thumbnail\").as(\"productThumbnail\");\n// cy.get(\"@productThumbnail\")\n//   .find(\".oneprice\")\n//   .each(($el, index, $list) => {\n//     cy.log($el.text());\n//   });\ncy.get(\".thumbnail\").find(\".oneprice\").invoke(\"text\").as(\"itemPrice\");\ncy.get(\".thumbnail\").find(\".pricenew\").invoke(\"text\").as(\"saleItemPrice\");\nvar itemTotal = 0;\ncy.get(\"@itemPrice\").then($linkText => {\n  var itemPriceTotal = 0;\n  var itemPrice = $linkText.split(\"$\");\n  var i;\n  for (i = 0; i < itemPrice.length; i++) {\n    cy.log(itemPrice[i]);\n    itemPriceTotal += Number(itemPrice[i]);\n  }\n  itemTotal += itemPriceTotal;\n  cy.log(\"Non sale price items total: \" + itemPriceTotal);\n});\ncy.get(\"@saleItemPrice\").then($linkText => {\n  var saleItemPriceTotal = 0;\n  var saleItemPrice = $linkText.split(\"$\");\n  var i;\n  for (i = 0; i < saleItemPrice.length; i++) {\n    cy.log(saleItemPrice[i]);\n    saleItemPriceTotal += Number(saleItemPrice[i]);\n  }\n  itemTotal += saleItemPriceTotal;\n  cy.log(\"Sale price items total: \" + saleItemPriceTotal);\n}).then(() => {\n  cy.log(\"Total price of all  products: \" + itemTotal);\n  expect(itemTotal).to.equal(660.5);\n});",
              "err": {},
              "uuid": "ce32361a-e447-4461-b606-79ca1ab0467d",
              "parentUUID": "e01a4a71-6460-4deb-b9c9-e93ec2abb86c",
              "isHook": false,
              "skipped": false
            }
          ],
          "suites": [],
          "passes": [
            "ce32361a-e447-4461-b606-79ca1ab0467d"
          ],
          "failures": [],
          "pending": [],
          "skipped": [],
          "duration": 3965,
          "root": false,
          "rootEmpty": false,
          "_timeout": 2000
        }
      ],
      "passes": [],
      "failures": [],
      "pending": [],
      "skipped": [],
      "duration": 0,
      "root": true,
      "rootEmpty": true,
      "_timeout": 2000
    }
  ],
  "meta": {
    "mocha": {
      "version": "7.0.1"
    },
    "mochawesome": {
      "options": {
        "quiet": false,
        "reportFilename": "mochawesome",
        "saveHtml": false,
        "saveJson": true,
        "consoleReporter": "spec",
        "useInlineDiffs": false,
        "code": true
      },
      "version": "7.1.3"
    },
    "marge": {
      "options": {
        "id": "default",
        "reportDir": "cypress/results/mochawesome",
        "quite": true,
        "overwrite": false,
        "html": false,
        "json": true
      },
      "version": "6.2.0"
    }
  }
}